<?xml version="1.0" encoding="UTF-8"?>
<!-- Generated by org.testng.reporters.JUnitXMLReporter -->
<testsuite ignored="0" hostname="DESKTOP-6E8R8I6" failures="0" tests="1" name="Test1" time="0.038" errors="0" timestamp="2021-02-20T13:08:47 EST">
  <testcase classname="com.piit.bootcamp.Horizon.Execution_HorizonNJ_TC1" name="@BeforeClass beforeClass" time="-1.613844527229E9">
    <failure type="org.testng.TestNGException" message="
Parameter &amp;apos;Browser&amp;apos; is required by BeforeClass on method beforeClass but has not been marked @Optional or defined
in C:\Users\ars_n\Documents\For-Student\testng2.xml">
      <![CDATA[org.testng.TestNGException: 
Parameter 'Browser' is required by BeforeClass on method beforeClass but has not been marked @Optional or defined
in C:\Users\ars_n\Documents\For-Student\testng2.xml
at java.base/java.util.ArrayList.forEach(ArrayList.java:1511)
... Removed 22 stack frames]]>
    </failure>
  </testcase> <!-- @BeforeClass beforeClass -->
  <testcase classname="com.piit.bootcamp.Horizon.Execution_HorizonNJ_TC1" name="@AfterClass afterClass" time="-1.613844527252E9">
    <skipped/>
  </testcase> <!-- @AfterClass afterClass -->
  <testcase classname="com.piit.bootcamp.Horizon.Execution_HorizonNJ_TC1" name="f" time="0.0">
    <skipped/>
  </testcase> <!-- f -->
</testsuite> <!-- Test1 -->
